2019-09-03 11:27:15.318  INFO 4142 --- [main] c.k.railticket.RailticketApplication     : Starting RailticketApplication on yml-desktop with PID 4142 (/home/kundansuryansh/IdeaProjects/Irctc-Rest-Api/target/classes started by kundansuryansh in /home/kundansuryansh/IdeaProjects/Irctc-Rest-Api)
2019-09-03 11:27:15.345  INFO 4142 --- [main] c.k.railticket.RailticketApplication     : No active profile set, falling back to default profiles: default
2019-09-03 11:27:16.996  INFO 4142 --- [main] .s.d.r.c.RepositoryConfigurationDelegate : Bootstrapping Spring Data repositories in DEFAULT mode.
2019-09-03 11:27:17.085  INFO 4142 --- [main] .s.d.r.c.RepositoryConfigurationDelegate : Finished Spring Data repository scanning in 79ms. Found 6 repository interfaces.
2019-09-03 11:27:17.443  INFO 4142 --- [main] trationDelegate$BeanPostProcessorChecker : Bean 'org.springframework.transaction.annotation.ProxyTransactionManagementConfiguration' of type [org.springframework.transaction.annotation.ProxyTransactionManagementConfiguration$$EnhancerBySpringCGLIB$$78227a6] is not eligible for getting processed by all BeanPostProcessors (for example: not eligible for auto-proxying)
2019-09-03 11:27:17.835  INFO 4142 --- [main] o.s.b.w.embedded.tomcat.TomcatWebServer  : Tomcat initialized with port(s): 8080 (http)
2019-09-03 11:27:17.871  INFO 4142 --- [main] o.apache.catalina.core.StandardService   : Starting service [Tomcat]
2019-09-03 11:27:17.871  INFO 4142 --- [main] org.apache.catalina.core.StandardEngine  : Starting Servlet engine: [Apache Tomcat/9.0.22]
2019-09-03 11:27:17.965  INFO 4142 --- [main] o.a.c.c.C.[Tomcat].[localhost].[/]       : Initializing Spring embedded WebApplicationContext
2019-09-03 11:27:17.966  INFO 4142 --- [main] o.s.web.context.ContextLoader            : Root WebApplicationContext: initialization completed in 2406 ms
2019-09-03 11:27:18.377  INFO 4142 --- [main] com.zaxxer.hikari.HikariDataSource       : HikariPool-1 - Starting...
2019-09-03 11:27:18.379  WARN 4142 --- [main] com.zaxxer.hikari.util.DriverDataSource  : Registered driver with driverClassName=com.mysql.jdbc.Driver was not found, trying direct instantiation.
2019-09-03 11:27:18.635  INFO 4142 --- [main] com.zaxxer.hikari.HikariDataSource       : HikariPool-1 - Start completed.
2019-09-03 11:27:18.687  INFO 4142 --- [main] o.hibernate.jpa.internal.util.LogHelper  : HHH000204: Processing PersistenceUnitInfo [
	name: default
	...]
2019-09-03 11:27:18.800  INFO 4142 --- [main] org.hibernate.Version                    : HHH000412: Hibernate Core {5.3.10.Final}
2019-09-03 11:27:18.801  INFO 4142 --- [main] org.hibernate.cfg.Environment            : HHH000206: hibernate.properties not found
2019-09-03 11:27:19.062  INFO 4142 --- [main] o.hibernate.annotations.common.Version   : HCANN000001: Hibernate Commons Annotations {5.0.4.Final}
2019-09-03 11:27:19.218  INFO 4142 --- [main] org.hibernate.dialect.Dialect            : HHH000400: Using dialect: org.hibernate.dialect.MySQL5Dialect
2019-09-03 11:27:19.978  INFO 4142 --- [main] org.hibernate.tuple.PojoInstantiator     : HHH000182: No default (no-argument) constructor for class: com.kundan.railticket.entity.Roles (class must be instantiated by Interceptor)
2019-09-03 11:27:20.774  INFO 4142 --- [main] j.LocalContainerEntityManagerFactoryBean : Initialized JPA EntityManagerFactory for persistence unit 'default'
2019-09-03 11:27:21.404  INFO 4142 --- [main] o.h.h.i.QueryTranslatorFactoryInitiator  : HHH000397: Using ASTQueryTranslatorFactory
2019-09-03 11:27:21.935  INFO 4142 --- [main] o.s.s.web.DefaultSecurityFilterChain     : Creating filter chain: any request, [org.springframework.security.web.context.request.async.WebAsyncManagerIntegrationFilter@38e00b47, org.springframework.security.web.context.SecurityContextPersistenceFilter@175f859e, org.springframework.security.web.header.HeaderWriterFilter@5f0d8937, org.springframework.security.web.csrf.CsrfFilter@71139e77, org.springframework.security.web.authentication.logout.LogoutFilter@72715e61, org.springframework.security.web.authentication.UsernamePasswordAuthenticationFilter@3b65084e, org.springframework.security.web.authentication.ui.DefaultLoginPageGeneratingFilter@763b0996, org.springframework.security.web.authentication.ui.DefaultLogoutPageGeneratingFilter@2a631049, org.springframework.security.web.authentication.www.BasicAuthenticationFilter@7d12429, org.springframework.security.web.savedrequest.RequestCacheAwareFilter@6501b105, org.springframework.security.web.servletapi.SecurityContextHolderAwareRequestFilter@ab327c, org.springframework.security.web.authentication.AnonymousAuthenticationFilter@425b5fe2, org.springframework.security.web.session.SessionManagementFilter@504b8705, org.springframework.security.web.access.ExceptionTranslationFilter@4813d0, org.springframework.security.web.access.intercept.FilterSecurityInterceptor@34cb0e49]
2019-09-03 11:27:22.098  INFO 4142 --- [main] o.s.s.concurrent.ThreadPoolTaskExecutor  : Initializing ExecutorService 'applicationTaskExecutor'
2019-09-03 11:27:22.150  WARN 4142 --- [main] aWebConfiguration$JpaWebMvcConfiguration : spring.jpa.open-in-view is enabled by default. Therefore, database queries may be performed during view rendering. Explicitly configure spring.jpa.open-in-view to disable this warning
2019-09-03 11:27:22.398  INFO 4142 --- [main] o.s.b.w.embedded.tomcat.TomcatWebServer  : Tomcat started on port(s): 8080 (http) with context path ''
2019-09-03 11:27:22.400  INFO 4142 --- [main] c.k.railticket.RailticketApplication     : Started RailticketApplication in 7.806 seconds (JVM running for 8.417)
